<?xml version="1.0" encoding="UTF-8"?>
<!-- Generated by org.testng.reporters.JUnitReportReporter -->
<testsuite hostname="WKWZTMHHzAYgmqT" failures="0" tests="1" name="com.sapient.assessment.concatenation" time="0.005" errors="0" timestamp="2022-11-30T09:01:10 IST" skipped="0">
  <testcase classname="com.sapient.assessment.concatenation" name="concatWords" time="0.005"/>
  <system-out/>
</testsuite> <!-- com.sapient.assessment.concatenation -->
